\BOOKMARK [1][-]{section.1}{\376\377\000I\000N\000T\000R\000O\000D\000U\000C\000T\000I\000O\000N}{}% 1
\BOOKMARK [2][-]{subsection.1.1}{\376\377\000I\000m\000p\000o\000r\000t\000a\000n\000c\000e\000\040\000o\000f\000\040\000S\000R\000\040\000i\000n\000\040\000R\000e\000m\000o\000t\000e\000\040\000S\000e\000n\000s\000i\000n\000g}{section.1}% 2
\BOOKMARK [2][-]{subsection.1.2}{\376\377\000L\000i\000m\000i\000t\000a\000t\000i\000o\000n\000s\000\040\000o\000f\000\040\000I\000n\000t\000e\000r\000p\000o\000l\000a\000t\000i\000o\000n\000-\000B\000a\000s\000e\000d\000\040\000U\000p\000s\000c\000a\000l\000i\000n\000g}{section.1}% 3
\BOOKMARK [2][-]{subsection.1.3}{\376\377\000A\000d\000v\000a\000n\000c\000e\000s\000\040\000i\000n\000\040\000D\000e\000e\000p\000\040\000L\000e\000a\000r\000n\000i\000n\000g\000\040\000f\000o\000r\000\040\000S\000R}{section.1}% 4
\BOOKMARK [1][-]{section.2}{\376\377\000D\000A\000T\000A\000S\000E\000T}{}% 5
\BOOKMARK [2][-]{subsection.2.1}{\376\377\000P\000r\000e\000p\000r\000o\000c\000e\000s\000s\000i\000n\000g\000\040\000a\000n\000d\000\040\000S\000t\000a\000n\000d\000a\000r\000d\000i\000z\000a\000t\000i\000o\000n}{section.2}% 6
\BOOKMARK [2][-]{subsection.2.2}{\376\377\000D\000i\000r\000e\000c\000t\000o\000r\000y\000\040\000S\000t\000r\000u\000c\000t\000u\000r\000e}{section.2}% 7
\BOOKMARK [2][-]{subsection.2.3}{\376\377\000S\000a\000n\000i\000t\000y\000\040\000C\000h\000e\000c\000k\000s}{section.2}% 8
\BOOKMARK [1][-]{section.3}{\376\377\000M\000E\000T\000H\000O\000D\000O\000L\000O\000G\000Y}{}% 9
\BOOKMARK [2][-]{subsection.3.1}{\376\377\000M\000o\000d\000e\000l\000s}{section.3}% 10
\BOOKMARK [2][-]{subsection.3.2}{\376\377\000I\000n\000f\000e\000r\000e\000n\000c\000e\000\040\000S\000e\000t\000u\000p}{section.3}% 11
\BOOKMARK [2][-]{subsection.3.3}{\376\377\000E\000v\000a\000l\000u\000a\000t\000i\000o\000n\000\040\000P\000r\000o\000t\000o\000c\000o\000l}{section.3}% 12
\BOOKMARK [2][-]{subsection.3.4}{\376\377\000Q\000u\000a\000l\000i\000t\000a\000t\000i\000v\000e\000\040\000A\000s\000s\000e\000s\000s\000m\000e\000n\000t}{section.3}% 13
\BOOKMARK [2][-]{subsection.3.5}{\376\377\000H\000a\000r\000d\000w\000a\000r\000e\000\040\000a\000n\000d\000\040\000R\000u\000n\000t\000i\000m\000e}{section.3}% 14
\BOOKMARK [2][-]{subsection.3.6}{\376\377\000R\000e\000p\000r\000o\000d\000u\000c\000i\000b\000i\000l\000i\000t\000y}{section.3}% 15
\BOOKMARK [1][-]{section.4}{\376\377\000R\000E\000S\000U\000L\000T\000S\000\040\000\046\000\040\000D\000I\000S\000C\000U\000S\000S\000I\000O\000N}{}% 16
\BOOKMARK [2][-]{subsection.4.1}{\376\377\000Q\000u\000a\000n\000t\000i\000t\000a\000t\000i\000v\000e\000\040\000R\000e\000s\000u\000l\000t\000s}{section.4}% 17
\BOOKMARK [2][-]{subsection.4.2}{\376\377\000P\000e\000r\000-\000C\000l\000a\000s\000s\000\040\000A\000n\000a\000l\000y\000s\000i\000s}{section.4}% 18
\BOOKMARK [2][-]{subsection.4.3}{\376\377\000D\000e\000l\000t\000a\000\040\000S\000S\000I\000M\000\040\000D\000i\000s\000t\000r\000i\000b\000u\000t\000i\000o\000n}{section.4}% 19
\BOOKMARK [2][-]{subsection.4.4}{\376\377\000Q\000u\000a\000l\000i\000t\000a\000t\000i\000v\000e\000\040\000C\000o\000m\000p\000a\000r\000i\000s\000o\000n\000s}{section.4}% 20
\BOOKMARK [2][-]{subsection.4.5}{\376\377\000D\000i\000s\000c\000u\000s\000s\000i\000o\000n}{section.4}% 21
\BOOKMARK [1][-]{section.5}{\376\377\000C\000O\000N\000C\000L\000U\000S\000I\000O\000N}{}% 22
\BOOKMARK [1][-]{appendix.A}{\376\377\000R\000e\000p\000r\000o\000d\000u\000c\000i\000b\000i\000l\000i\000t\000y\000\040\000D\000e\000t\000a\000i\000l\000s}{}% 23
\BOOKMARK [2][-]{subsection.A.1}{\376\377\000S\000R\000C\000N\000N\000\040\000I\000n\000f\000e\000r\000e\000n\000c\000e}{appendix.A}% 24
\BOOKMARK [2][-]{subsection.A.2}{\376\377\000E\000S\000R\000G\000A\000N\000\040\000I\000n\000f\000e\000r\000e\000n\000c\000e}{appendix.A}% 25
\BOOKMARK [2][-]{subsection.A.3}{\376\377\000E\000v\000a\000l\000u\000a\000t\000i\000o\000n}{appendix.A}% 26
